[2024-08-05 17:29:12] The Prodigal annotation is running...
[2024-08-05 18:15:46] The Prodigal annotation is finished
[2024-08-05 18:21:31] The hmmsearch is running with 24 cpu threads...
[2024-08-06 12:19:11] The hmmsearch is finished
[2024-08-06 14:43:31] The hmm hit result is calculating...
[2024-08-06 14:43:31] Generating each hmm faa collection...
[2024-08-06 14:44:06] Each hmm faa collection has been made
[2024-08-06 14:44:06] The KEGG module result is calculating...
[2024-08-06 15:22:30] The KEGG identifier (KO id) result is calculating...
[2024-08-06 15:22:33] The KEGG identifier (KO id) seaching result is finished
[2024-08-06 15:22:33] Searching CAZymes by dbCAN2...
[2024-08-07 01:15:20] dbCAN2 searching is done
[2024-08-07 01:15:20] Searching MEROPS peptidase...
[2024-08-07 01:25:46] MEROPS peptidase searching is done
[2024-08-07 01:25:52] METABOLIC table has been generated
[2024-08-07 01:25:52] Drawing element cycling diagrams...
Loading required package: shape
Loading required package: shape
[2024-08-07 01:25:56] Drawing element cycling diagrams finished
METABOLIC-G was done, the total running time: 31:56:44 (hh:mm:ss)
